0 info it worked if it ends with ok
1 verbose cli [ 'C:\\Program Files (x86)\\nodejs\\node.exe',
1 verbose cli   'C:\\Program Files (x86)\\nodejs\\node_modules\\npm\\bin\\npm-cli.js',
1 verbose cli   'start' ]
2 info using npm@3.10.10
3 info using node@v6.9.4
4 verbose run-script [ 'prestart', 'start', 'poststart' ]
5 info lifecycle skills-service@1.0.0~prestart: skills-service@1.0.0
6 silly lifecycle skills-service@1.0.0~prestart: no script for prestart, continuing
7 info lifecycle skills-service@1.0.0~start: skills-service@1.0.0
8 verbose lifecycle skills-service@1.0.0~start: unsafe-perm in lifecycle true
9 verbose lifecycle skills-service@1.0.0~start: PATH: C:\Program Files (x86)\nodejs\node_modules\npm\bin\node-gyp-bin;C:\Users\Liron\skills-service-master\node_modules\.bin;C:\ProgramData\Oracle\Java\javapath;C:\Program Files (x86)\Intel\iCLS Client\;C:\Program Files\Intel\iCLS Client\;C:\WINDOWS\system32;C:\WINDOWS;C:\WINDOWS\System32\Wbem;C:\WINDOWS\System32\WindowsPowerShell\v1.0\;C:\Program Files (x86)\Windows Live\Shared;C:\Program Files\Intel\Intel(R) Management Engine Components\DAL;C:\Program Files\Intel\Intel(R) Management Engine Components\IPT;C:\Program Files (x86)\Intel\Intel(R) Management Engine Components\DAL;C:\Program Files (x86)\Intel\Intel(R) Management Engine Components\IPT;C:\Program Files\Hewlett-Packard\SimplePass\;C:\Program Files\Microsoft SQL Server\110\Tools\Binn\;C:\Program Files (x86)\Microsoft SDKs\TypeScript\1.0\;C:\Program Files\Microsoft SQL Server\120\Tools\Binn\;C:\Program Files (x86)\Skype\Phone\;C:\WINDOWS\system32\config\systemprofile\.dnx\bin;C:\Program Files\Microsoft DNX\Dnvm\;C:\Program Files\Microsoft SQL Server\130\Tools\Binn\;C:\Program Files\Git\cmd;C:\Users\Liron\Desktop\יב'1\סייבר\PortableApps\PortablePython2.7.6.1\App;C:\Users\Liron\Desktop\יב'1\סייבר\PortableApps\PortablePython2.7.6.1\App\Lib\idlelib\;C:\Users\Liron\Desktop\יב'1\סייבר\PortableApps\PortablePython2.7.6.1\App\Scripts\;;C:\Users\Liron\Desktop\יב'1\סייבר\PortableApps\WiresharkPortable;;C:\Program Files (x86)\nodejs\;C:\Program Files (x86)\Git\cmd;;C:\Program Files (x86)\Microsoft VS Code\bin;C:\Users\Liron\AppData\Local\Microsoft\WindowsApps;C:\Users\Liron\AppData\Roaming\npm
10 verbose lifecycle skills-service@1.0.0~start: CWD: C:\Users\Liron\skills-service-master
11 silly lifecycle skills-service@1.0.0~start: Args: [ '/d /s /c', 'node app/main.js' ]
12 silly lifecycle skills-service@1.0.0~start: Returned: code: 3221225786  signal: null
13 info lifecycle skills-service@1.0.0~start: Failed to exec start script
14 verbose stack Error: skills-service@1.0.0 start: `node app/main.js`
14 verbose stack Exit status 3221225786
14 verbose stack     at EventEmitter.<anonymous> (C:\Program Files (x86)\nodejs\node_modules\npm\lib\utils\lifecycle.js:255:16)
14 verbose stack     at emitTwo (events.js:106:13)
14 verbose stack     at EventEmitter.emit (events.js:191:7)
14 verbose stack     at ChildProcess.<anonymous> (C:\Program Files (x86)\nodejs\node_modules\npm\lib\utils\spawn.js:40:14)
14 verbose stack     at emitTwo (events.js:106:13)
14 verbose stack     at ChildProcess.emit (events.js:191:7)
14 verbose stack     at maybeClose (internal/child_process.js:877:16)
14 verbose stack     at Process.ChildProcess._handle.onexit (internal/child_process.js:226:5)
15 verbose pkgid skills-service@1.0.0
16 verbose cwd C:\Users\Liron\skills-service-master
17 error Windows_NT 10.0.14393
18 error argv "C:\\Program Files (x86)\\nodejs\\node.exe" "C:\\Program Files (x86)\\nodejs\\node_modules\\npm\\bin\\npm-cli.js" "start"
19 error node v6.9.4
20 error npm  v3.10.10
21 error code ELIFECYCLE
22 error skills-service@1.0.0 start: `node app/main.js`
22 error Exit status 3221225786
23 error Failed at the skills-service@1.0.0 start script 'node app/main.js'.
23 error Make sure you have the latest version of node.js and npm installed.
23 error If you do, this is most likely a problem with the skills-service package,
23 error not with npm itself.
23 error Tell the author that this fails on your system:
23 error     node app/main.js
23 error You can get information on how to open an issue for this project with:
23 error     npm bugs skills-service
23 error Or if that isn't available, you can get their info via:
23 error     npm owner ls skills-service
23 error There is likely additional logging output above.
24 verbose exit [ 1, true ]
